2023-06-23 21:30:11 - bot - DEBUG: - 代码开始运行！
2023-06-23 21:30:23 - bot - INFO: - 收到来自jinlongpu的/start指令
2023-06-23 21:32:05 - bot - INFO: - 代码开始运行！
2023-06-23 22:06:05 - bot - DEBUG: - 实例化Utils
2023-06-23 22:06:05 - bot - DEBUG: - 已载入配置config.yml
2023-06-23 22:06:05 - bot - INFO: - 代码开始运行！
2023-06-23 22:06:22 - bot - DEBUG: - 调用:unknown
2023-06-23 22:06:27 - bot - INFO: - 收到来自jinlongpu的/start指令
2023-06-24 09:23:12 - words - INFO: - 实例化Utils
2023-06-24 09:23:12 - words - ERROR: - 载入词库出错：E:\privatework\pujl-bot\data\words\ohayo.json, name 'json' is not defined
2023-06-24 09:23:12 - words - DEBUG: - 实例化GetWords
2023-06-24 09:23:12 - words - INFO: - 实例化Utils
2023-06-24 09:23:12 - words - INFO: - 已载入配置config.yml
2023-06-24 09:23:12 - bot - INFO: - 代码开始运行！
2023-06-24 09:23:15 - bot - INFO: - 收到来自jinlongpu的/start指令
2023-06-24 09:26:44 - bot - INFO: - 收到来自jinlongpu的/start指令
2023-06-24 09:30:27 - words - INFO: - 实例化Utils
2023-06-24 09:30:27 - words - INFO: - 已载入词库：E:\privatework\pujl-bot\data\words\ohayo.json
2023-06-24 09:30:27 - words - DEBUG: - 实例化GetWords
2023-06-24 09:30:27 - words - INFO: - 实例化Utils
2023-06-24 09:30:27 - words - INFO: - 已载入配置config.yml
2023-06-24 09:30:27 - bot - INFO: - 代码开始运行！
2023-06-24 09:31:11 - bot - INFO: - 收到来自jinlongpu的/start指令
2023-06-24 09:31:16 - bot - DEBUG: - 调用:unknown
2023-06-24 09:31:38 - words - DEBUG: - 获取到早安:我的小鱼你醒了，还认识早晨吗
2023-06-24 09:32:04 - words - DEBUG: - 获取到早安:哦哈哟喵~
2023-06-24 09:32:17 - words - DEBUG: - 获取到早安:早上好哦~
2023-06-24 09:33:54 - words - INFO: - 实例化Utils
2023-06-24 09:33:54 - words - INFO: - 已载入词库：E:\privatework\pujl-bot\data\words\ohayo.json
2023-06-24 09:33:54 - words - DEBUG: - 实例化GetWords
2023-06-24 09:33:54 - words - INFO: - 实例化Utils
2023-06-24 09:33:54 - words - INFO: - 已载入配置config.yml
2023-06-24 09:33:54 - bot - INFO: - 代码开始运行！
2023-06-24 09:34:00 - words - DEBUG: - 获取到早安:昨夜你曾经说，愿夜幕永不开启
2023-06-24 09:34:10 - words - DEBUG: - 获取到早安:众生皆小饼干，你是最甜的那一块~
2023-06-24 09:34:23 - bot - DEBUG: - 调用:unknown
