2023-06-23 21:30:23 - bot - INFO: - 收到来自jinlongpu的/start指令
2023-06-23 21:32:05 - bot - INFO: - 代码开始运行！
2023-06-23 22:06:05 - bot - INFO: - 代码开始运行！
2023-06-23 22:06:27 - bot - INFO: - 收到来自jinlongpu的/start指令
2023-06-24 09:23:12 - words - INFO: - 实例化Utils
2023-06-24 09:23:12 - words - ERROR: - 载入词库出错：E:\privatework\pujl-bot\data\words\ohayo.json, name 'json' is not defined
2023-06-24 09:23:12 - words - INFO: - 实例化Utils
2023-06-24 09:23:12 - words - INFO: - 已载入配置config.yml
2023-06-24 09:23:12 - bot - INFO: - 代码开始运行！
2023-06-24 09:23:15 - bot - INFO: - 收到来自jinlongpu的/start指令
2023-06-24 09:26:44 - bot - INFO: - 收到来自jinlongpu的/start指令
2023-06-24 09:30:27 - words - INFO: - 实例化Utils
2023-06-24 09:30:27 - words - INFO: - 已载入词库：E:\privatework\pujl-bot\data\words\ohayo.json
2023-06-24 09:30:27 - words - INFO: - 实例化Utils
2023-06-24 09:30:27 - words - INFO: - 已载入配置config.yml
2023-06-24 09:30:27 - bot - INFO: - 代码开始运行！
2023-06-24 09:31:11 - bot - INFO: - 收到来自jinlongpu的/start指令
2023-06-24 09:33:54 - words - INFO: - 实例化Utils
2023-06-24 09:33:54 - words - INFO: - 已载入词库：E:\privatework\pujl-bot\data\words\ohayo.json
2023-06-24 09:33:54 - words - INFO: - 实例化Utils
2023-06-24 09:33:54 - words - INFO: - 已载入配置config.yml
2023-06-24 09:33:54 - bot - INFO: - 代码开始运行！
